[15:45:13:319]  Search started...
[15:45:13:319]  
[15:45:17:743]  Progress started...
[15:45:17:750]  Search process initilize ... 
[15:45:17:750]  Get URLs ...
[15:45:31:413]  Page 1:	 has found 10 records
[15:45:34:535]  Number of URLs is 10
[15:45:34:535]  Get customers ... 
[15:45:34:535]  ------------------0--------------------
[15:45:34:535]  https://www.scaapi.nl/
[15:46:33:446]  XXXXXX	https://www.scaapi.nl/
[15:46:34:446]  ------------------1--------------------
[15:46:34:446]  http://www.cascadeyarns.com/
[15:46:47:762]  XXXXXX	http://www.cascadeyarns.com/
[15:46:48:762]  ------------------2--------------------
[15:46:48:762]  https://www.darngoodyarn.com/pages/wholesale-yarn
[15:47:17:211]  XXXXXX	https://www.darngoodyarn.com/pages/wholesale-yarn
[15:47:18:223]  ------------------3--------------------
[15:47:18:224]  http://diamondyarn.ca/
[15:47:29:163]  YYYYYY	mailto:web@diamondyarn.com
[15:47:30:168]  ------------------4--------------------
[15:47:30:168]  http://debbieblissonline.com/distributors/
[15:47:37:170]  YYYYYY	mailto:enquiries@designeryarns.uk.com
[15:47:37:186]  YYYYYY	mailto:info@designeryarns.de
[15:47:37:201]  YYYYYY	mailto:admin@prestigeyarns.com
[15:47:37:201]  YYYYYY	mailto:cristina@4estacoeslas.com.br
[15:47:37:217]  YYYYYY	mailto:Kelly@fancyknitdanmark.com
[15:47:37:232]  YYYYYY	mailto:info@laines-plassard.com
[15:47:37:232]  YYYYYY	mailto:eastunity@yahoo.com.hk
[15:47:37:248]  YYYYYY	mailto:janosnemeth@mol.hu
[15:47:37:264]  YYYYYY	mailto:storkurinn@storkurinn.is
[15:47:37:264]  YYYYYY	mailto:info@lavoroamaglia.it
[15:47:37:279]  YYYYYY	mailto:computerscience2003@gmail.com
[15:47:37:295]  YYYYYY	mailto:marcin@ittec.pl
[15:47:37:311]  YYYYYY	mailto:luisa.arruda@knittinglabs.com
[15:47:37:311]  YYYYYY	mailto:yeohvivien@gmail.com
[15:47:37:326]  YYYYYY	mailto:abremer@redmundial.com.mx
[15:47:37:342]  YYYYYY	mailto:brad@trendytrims.co.nz
[15:47:37:342]  YYYYYY	mailto:post@viking-garn.no
[15:47:37:357]  YYYYYY	mailto:levina@rukodelie.ru
[15:47:37:357]  YYYYYY	mailto:quiltchick@quiltsncalicoes.com
[15:47:37:373]  YYYYYY	mailto:tedd@annknitting.com
[15:47:37:396]  YYYYYY	mailto:info@oyambreonline.com
[15:47:37:407]  YYYYYY	mailto:info@nysta.se
[15:47:37:414]  YYYYYY	mailto:needle.world.thailand@gmail.com
[15:47:37:414]  YYYYYY	mailto:pillara@rambler.ru
[15:48:49:975]  YYYYYY	mailto:enquiries@designeryarns.uk.com
[15:48:49:987]  YYYYYY	mailto:info@designeryarns.de
[15:48:49:987]  YYYYYY	mailto:admin@prestigeyarns.com
[15:48:50:003]  YYYYYY	mailto:cristina@4estacoeslas.com.br
[15:48:50:018]  YYYYYY	mailto:Kelly@fancyknitdanmark.com
[15:48:50:034]  YYYYYY	mailto:info@laines-plassard.com
[15:48:50:034]  YYYYYY	mailto:eastunity@yahoo.com.hk
[15:48:50:050]  YYYYYY	mailto:janosnemeth@mol.hu
[15:48:50:065]  YYYYYY	mailto:storkurinn@storkurinn.is
[15:48:50:081]  YYYYYY	mailto:info@lavoroamaglia.it
[15:48:50:097]  YYYYYY	mailto:computerscience2003@gmail.com
[15:48:50:097]  YYYYYY	mailto:marcin@ittec.pl
[15:48:50:112]  YYYYYY	mailto:luisa.arruda@knittinglabs.com
[15:48:50:128]  YYYYYY	mailto:yeohvivien@gmail.com
[15:48:50:128]  YYYYYY	mailto:abremer@redmundial.com.mx
[15:48:50:143]  YYYYYY	mailto:brad@trendytrims.co.nz
[15:48:50:143]  YYYYYY	mailto:post@viking-garn.no
[15:48:50:159]  YYYYYY	mailto:levina@rukodelie.ru
[15:48:50:159]  YYYYYY	mailto:quiltchick@quiltsncalicoes.com
[15:48:50:175]  YYYYYY	mailto:tedd@annknitting.com
[15:48:50:175]  YYYYYY	mailto:info@oyambreonline.com
[15:48:50:190]  YYYYYY	mailto:info@nysta.se
[15:48:50:190]  YYYYYY	mailto:needle.world.thailand@gmail.com
[15:48:50:190]  YYYYYY	mailto:pillara@rambler.ru
[15:48:51:191]  ------------------5--------------------
[15:48:51:191]  https://www.jaggeryarn.com/
[15:49:38:202]  XXXXXX	https://www.jaggeryarn.com/
[15:49:39:216]  ------------------6--------------------
[15:49:39:216]  http://yarn.fibre2fashion.com/
[15:49:56:529]  XXXXXX	http://yarn.fibre2fashion.com/
[15:49:57:538]  ------------------7--------------------
[15:49:57:538]  http://www.theyarnguys.com/
[15:49:59:326]  YYYYYY	mailto:info@theyarnguys.com
[15:49:59:342]  YYYYYY	mailto:info@theyarnguys.com
[15:50:05:409]  XXXXXX	http://www.theyarnguys.com/
[15:50:06:411]  ------------------8--------------------
[15:50:06:412]  http://www.designeryarns.uk.com/
[15:50:27:492]  YYYYYY	mailto:enquiries@designeryarns.uk.com
[15:50:36:644]  XXXXXX	http://www.designeryarns.uk.com/
[15:50:37:646]  ------------------9--------------------
[15:50:37:646]  http://www.thomasnet.com/north-carolina/yarns-95761870-1.html
[15:50:52:685]  XXXXXX	http://www.thomasnet.com/north-carolina/yarns-95761870-1.html
[15:51:41:643]  Search started...
[15:51:41:643]  
[15:51:46:006]  Progress started...
[15:51:46:007]  Search process initilize ... 
[15:51:46:007]  Get URLs ...
[15:52:00:018]  Page 1:	 has found 10 records
[15:52:03:137]  Number of URLs is 10
[15:52:03:137]  Get customers ... 
[15:52:03:138]  ------------------0--------------------
[15:52:03:138]  https://www.scaapi.nl/
[15:52:07:931]  Contact URL:	https://www.scaapi.nl/
[15:52:12:108]  Contact URL:	https://www.scaapi.nl/c-1697525/about-scaapi/
[15:52:15:240]  XXXXXX	https://www.scaapi.nl/
[15:52:16:240]  ------------------1--------------------
[15:52:16:240]  http://www.cascadeyarns.com/
[15:52:24:999]  Contact URL:	http://www.cascadeyarns.com/ContactUs.htm
[15:52:28:072]  XXXXXX	http://www.cascadeyarns.com/
[15:52:29:082]  ------------------2--------------------
[15:52:29:082]  https://www.darngoodyarn.com/pages/wholesale-yarn
[15:52:55:206]  Contact URL:	https://www.darngoodyarn.com/pages/contact-us
[15:52:59:314]  ------------------3--------------------
[15:52:59:315]  http://diamondyarn.ca/
[15:53:06:692]  Contact URL:	http://diamondyarn.ca/about/
[15:53:09:741]  XXXXXX	http://diamondyarn.ca/
[15:53:10:751]  ------------------4--------------------
[15:53:10:751]  http://www.designeryarns.uk.com/
[15:53:33:739]  YYYYYY	mailto:enquiries@designeryarns.uk.com
[15:53:33:942]  XXXXXX	http://www.designeryarns.uk.com/
[15:53:34:942]  ------------------5--------------------
[15:53:34:942]  http://www.theyarnguys.com/
[15:53:36:607]  YYYYYY	mailto:info@theyarnguys.com
[15:53:36:623]  YYYYYY	mailto:info@theyarnguys.com
[15:53:37:437]  Contact URL:	http://www.theyarnguys.com/about-us.asp
[15:53:40:519]  YYYYYY	mailto:info@theyarnguys.com
[15:53:41:529]  ------------------6--------------------
[15:53:41:529]  http://debbieblissonline.com/distributors/
[15:53:49:079]  YYYYYY	mailto:enquiries@designeryarns.uk.com
[15:53:49:079]  YYYYYY	mailto:info@designeryarns.de
[15:53:49:094]  YYYYYY	mailto:admin@prestigeyarns.com
[15:53:49:110]  YYYYYY	mailto:cristina@4estacoeslas.com.br
[15:53:49:110]  YYYYYY	mailto:Kelly@fancyknitdanmark.com
[15:53:49:125]  YYYYYY	mailto:info@laines-plassard.com
[15:53:49:141]  YYYYYY	mailto:eastunity@yahoo.com.hk
[15:53:49:141]  YYYYYY	mailto:janosnemeth@mol.hu
[15:53:49:157]  YYYYYY	mailto:storkurinn@storkurinn.is
[15:53:49:172]  YYYYYY	mailto:info@lavoroamaglia.it
[15:53:49:172]  YYYYYY	mailto:computerscience2003@gmail.com
[15:53:49:188]  YYYYYY	mailto:marcin@ittec.pl
[15:53:49:204]  YYYYYY	mailto:luisa.arruda@knittinglabs.com
[15:53:49:204]  YYYYYY	mailto:yeohvivien@gmail.com
[15:53:49:219]  YYYYYY	mailto:abremer@redmundial.com.mx
[15:53:49:235]  YYYYYY	mailto:brad@trendytrims.co.nz
[15:53:49:235]  YYYYYY	mailto:post@viking-garn.no
[15:53:49:250]  YYYYYY	mailto:levina@rukodelie.ru
[15:53:49:250]  YYYYYY	mailto:quiltchick@quiltsncalicoes.com
[15:53:49:266]  YYYYYY	mailto:tedd@annknitting.com
[15:53:49:282]  YYYYYY	mailto:info@oyambreonline.com
[15:53:49:282]  YYYYYY	mailto:info@nysta.se
[15:53:49:297]  YYYYYY	mailto:needle.world.thailand@gmail.com
[15:53:49:317]  YYYYYY	mailto:pillara@rambler.ru
[15:55:01:923]  YYYYYY	mailto:enquiries@designeryarns.uk.com
[15:55:01:939]  YYYYYY	mailto:info@designeryarns.de
[15:55:01:955]  YYYYYY	mailto:admin@prestigeyarns.com
[15:55:01:986]  YYYYYY	mailto:cristina@4estacoeslas.com.br
[15:55:02:002]  YYYYYY	mailto:Kelly@fancyknitdanmark.com
[15:55:02:002]  YYYYYY	mailto:info@laines-plassard.com
[15:55:02:017]  YYYYYY	mailto:eastunity@yahoo.com.hk
[15:55:02:017]  YYYYYY	mailto:janosnemeth@mol.hu
[15:55:02:033]  YYYYYY	mailto:storkurinn@storkurinn.is
[15:55:02:033]  YYYYYY	mailto:info@lavoroamaglia.it
[15:55:02:049]  YYYYYY	mailto:computerscience2003@gmail.com
[15:55:02:049]  YYYYYY	mailto:marcin@ittec.pl
[15:55:02:064]  YYYYYY	mailto:luisa.arruda@knittinglabs.com
[15:55:02:064]  YYYYYY	mailto:yeohvivien@gmail.com
[15:55:02:080]  YYYYYY	mailto:abremer@redmundial.com.mx
[15:55:02:080]  YYYYYY	mailto:brad@trendytrims.co.nz
[15:55:02:095]  YYYYYY	mailto:post@viking-garn.no
[15:55:02:095]  YYYYYY	mailto:levina@rukodelie.ru
[15:55:02:111]  YYYYYY	mailto:quiltchick@quiltsncalicoes.com
[15:55:02:111]  YYYYYY	mailto:tedd@annknitting.com
[15:55:02:127]  YYYYYY	mailto:info@oyambreonline.com
[15:55:02:143]  YYYYYY	mailto:info@nysta.se
[15:55:02:143]  YYYYYY	mailto:needle.world.thailand@gmail.com
[15:55:02:159]  YYYYYY	mailto:pillara@rambler.ru
[15:55:03:159]  ------------------7--------------------
[15:55:03:160]  http://yarn.fibre2fashion.com/
[15:55:14:190]  XXXXXX	http://yarn.fibre2fashion.com/
[15:55:15:191]  ------------------8--------------------
[15:55:15:192]  https://www.jaggeryarn.com/
[15:55:56:845]  Contact URL:	https://www.jaggeryarn.com/contact-jagger-yarn/
[15:55:59:939]  YYYYYY	mailto:order@jaggeryarn.com
[15:56:00:995]  ------------------9--------------------
[15:56:00:996]  http://www.smileysyarns.com/
[15:56:10:138]  Contact URL:	http://www.smileysyarns.com/about-us/
