[Infor]		Search started...
[Infor]		America
[Infor]		Search process initilize ... 
[Infor]		Get URLs ...
[Infor]		Page 1:	 has found 10 records
[Infor]		Number of URLs is 10
[Infor]		Get customers ... 
[Infor]		------------------0--------------------
[Infor]		http://www.theyarnguys.com/
[Infor]		------------------1--------------------
[Infor]		https://www.madeinamericayarns.com/
[Infor]		------------------2--------------------
[Infor]		https://knittingfever.com/
[Infor]		------------------3--------------------
[Infor]		https://www.usatoday.com/story/travel/destinations/10greatplaces/2016/10/21/knitting-yarn-stores/92466482/
[Infor]		------------------4--------------------
[Infor]		http://www.bartlettyarns.com/
[Infor]		------------------5--------------------
[Infor]		https://www.yarn.com/
[Infor]		------------------6--------------------
[Infor]		http://www.cascadeyarns.com/
[Infor]		------------------7--------------------
[Infor]		http://www.imperialyarn.com/
[Infor]		------------------8--------------------
[Infor]		http://www.tnna.org/news/282013/Yarn-Industry-Supply-Chain-Overview.htm
[Infor]		------------------9--------------------
[Infor]		http://www.manosyarns.com/america-distributors/
